./mvnw : WARNING: A terminally deprecated me
thod in sun.misc.Unsafe has been called
At line:1 char:1
+ ./mvnw clean compile 2>&1 | Out-File -File
Path compile-error.log -Enc ...
+ ~~~~~~~~~~~~~~~~~~~~~~~~~
    + CategoryInfo          : NotSpecified: 
    (WARNING: A term...has been called:Str  
  ing) [], RemoteException
    + FullyQualifiedErrorId : NativeCommand 
   Error
 
WARNING: sun.misc.Unsafe::staticFieldBase ha
s been called by com.google.inject.internal.
aop.HiddenClassDefiner (file:/C:/Users/irsad
/.m2/wrapper/dists/apache-maven-3.9.11/03d7e
36a140982eea48e22c1dcac01d8862b2550b2939e09a
0809bbc5182a5bc/lib/guice-5.1.0-classes.jar)
WARNING: Please consider reporting this to t
he maintainers of class com.google.inject.in
ternal.aop.HiddenClassDefiner
WARNING: sun.misc.Unsafe::staticFieldBase wi
ll be removed in a future release
[INFO] Scanning for projects...
[INFO] 
[INFO] ------------------------< com.hss:hss-backend >-------------------------
[INFO] Building hss-backend 0.0.1-SNAPSHOT
[INFO]   from pom.xml
[INFO] --------------------------------[ jar ]---------------------------------
[INFO] 
[INFO] --- clean:3.4.1:clean (default-clean) @ hss-backend ---
[INFO] Deleting C:\Users\irsad\OneDrive\Masa³st³\HSSVET\HSS-backend\target
[INFO] 
[INFO] --- resources:3.3.1:resources (default-resources) @ hss-backend ---
[INFO] Copying 3 resources from src\main\resources to target\classes
[INFO] Copying 23 resources from src\main\resources to target\classes
[INFO] 
[INFO] --- compiler:3.14.0:compile (default-compile) @ hss-backend ---
[INFO] Recompiling the module because of changed source code.
[INFO] Compiling 189 source files with javac [debug parameters release 21] to target\classes
[INFO] -------------------------------------------------------------
[ERROR] COMPILATION ERROR : 
[INFO] -------------------------------------------------------------
[ERROR] /C:/Users/irsad/OneDrive/Masa³st³/HSSVET/HSS-backend/src/main/java/com/hss/hss_backend/repository/VaccineRepository.java:[5,1] class, interface, enum, or record expected
[ERROR] /C:/Users/irsad/OneDrive/Masa³st³/HSSVET/HSS-backend/src/main/java/com/hss/hss_backend/repository/VaccineRepository.java:[5,17] unclosed string literal
[ERROR] /C:/Users/irsad/OneDrive/Masa³st³/HSSVET/HSS-backend/src/main/java/com/hss/hss_backend/repository/VaccineRepository.java:[7,1] class, interface, enum, or record expected
[ERROR] /C:/Users/irsad/OneDrive/Masa³st³/HSSVET/HSS-backend/src/main/java/com/hss/hss_backend/repository/VaccineRepository.java:[9,1] class, interface, enum, or record expected
[ERROR] /C:/Users/irsad/OneDrive/Masa³st³/HSSVET/HSS-backend/src/main/java/com/hss/hss_backend/repository/VaccineRepository.java:[10,1] class, interface, enum, or record expected
[INFO] 5 errors 
[INFO] -------------------------------------------------------------
[INFO] ------------------------------------------------------------------------
[INFO] BUILD FAILURE
[INFO] ------------------------------------------------------------------------
[INFO] Total time:  3.639 s
[INFO] Finished at: 2026-01-19T23:18:34+03:00
[INFO] ------------------------------------------------------------------------
[ERROR] Failed to execute goal org.apache.maven.plugins:maven-compiler-plugin:3.14.0:compile (default-compile) on project hss-backend: Compilation failure: Compilation failure: 
[ERROR] /C:/Users/irsad/OneDrive/Masa³st³/HSSVET/HSS-backend/src/main/java/com/hss/hss_backend/repository/VaccineRepository.java:[5,1] class, interface, enum, or record expected
[ERROR] /C:/Users/irsad/OneDrive/Masa³st³/HSSVET/HSS-backend/src/main/java/com/hss/hss_backend/repository/VaccineRepository.java:[5,17] unclosed string literal
[ERROR] /C:/Users/irsad/OneDrive/Masa³st³/HSSVET/HSS-backend/src/main/java/com/hss/hss_backend/repository/VaccineRepository.java:[7,1] class, interface, enum, or record expected
[ERROR] /C:/Users/irsad/OneDrive/Masa³st³/HSSVET/HSS-backend/src/main/java/com/hss/hss_backend/repository/VaccineRepository.java:[9,1] class, interface, enum, or record expected
[ERROR] /C:/Users/irsad/OneDrive/Masa³st³/HSSVET/HSS-backend/src/main/java/com/hss/hss_backend/repository/VaccineRepository.java:[10,1] class, interface, enum, or record expected
[ERROR] -> [Help 1]
[ERROR] 
[ERROR] To see the full stack trace of the errors, re-run Maven with the -e switch.
[ERROR] Re-run Maven using the -X switch to enable full debug logging.
[ERROR] 
[ERROR] For more information about the errors and possible solutions, please read the following articles:
[ERROR] [Help 1] http://cwiki.apache.org/confluence/display/MAVEN/MojoFailureException
